TN:
SF:script/Read.s.sol
FN:10,Read.run
FNDA:0,Read.run
FNF:1
FNH:0
LF:0
LH:0
BRF:0
BRH:0
end_of_record
TN:
SF:script/deploy/Deploy.Goerli.s.sol
FN:9,DeployGoerli.run
FNDA:0,DeployGoerli.run
DA:10,0
FNF:1
FNH:0
LF:1
LH:0
BRF:0
BRH:0
end_of_record
TN:
SF:script/deploy/DeployBase.s.sol
FN:11,DeployBase.deploy
FNDA:0,DeployBase.deploy
DA:19,0
DA:21,0
DA:22,0
DA:28,0
DA:30,0
DA:31,0
FNF:1
FNH:0
LF:6
LH:0
BRF:0
BRH:0
end_of_record
TN:
SF:src/core/DNft.sol
FN:70,DNft.mint
FNDA:2754,DNft.mint
DA:74,2754
BRDA:74,0,0,1
BRDA:74,0,1,2753
DA:75,2753
DA:76,2752
DA:77,2752
BRDA:77,1,0,1
BRDA:77,1,1,2751
DA:78,2751
FN:82,DNft._mint
FNDA:305,DNft._mint
DA:86,304
BRDA:86,2,0,1
BRDA:86,2,1,303
DA:87,303
DA:88,303
DA:89,303
FN:93,DNft._mintNft
FNDA:3056,DNft._mintNft
DA:96,3056
DA:97,3056
DA:98,3055
DA:99,3055
FN:103,DNft.deposit
FNDA:259,DNft.deposit
DA:108,259
FN:111,DNft._deposit
FNDA:3011,DNft._deposit
DA:114,3011
DA:115,3011
DA:116,3011
FN:120,DNft.move
FNDA:259,DNft.move
DA:124,258
DA:125,257
DA:126,257
FN:130,DNft.rebase
FNDA:3,DNft.rebase
DA:133,3
DA:134,3
BRDA:134,3,0,1
BRDA:134,3,1,2
DA:135,2
DA:136,2
DA:138,2
DA:139,2
DA:141,2
DA:142,2
DA:143,2
FN:147,DNft.withdraw
FNDA:7,DNft.withdraw
DA:152,5
DA:153,5
DA:154,5
DA:155,5
BRDA:155,4,0,1
BRDA:155,4,1,4
DA:156,4
DA:157,4
DA:158,4
FN:162,DNft.redeemDyad
FNDA:2,DNft.redeemDyad
DA:165,2
DA:166,1
DA:167,1
DA:168,1
DA:169,1
FN:173,DNft.redeemDeposit
FNDA:4,DNft.redeemDeposit
DA:178,2
DA:179,1
DA:180,1
DA:181,1
DA:182,1
FN:186,DNft.liquidate
FNDA:3,DNft.liquidate
DA:190,3
DA:191,3
DA:192,3
BRDA:192,5,0,1
BRDA:192,5,1,2
DA:193,2
DA:194,2
BRDA:194,6,0,1
BRDA:194,6,1,1
DA:195,1
DA:196,1
FN:200,DNft.grant
FNDA:4,DNft.grant
DA:204,3
FN:208,DNft.unlock
FNDA:0,DNft.unlock
DA:213,0
DA:214,0
FN:217,DNft._addDeposit
FNDA:3013,DNft._addDeposit
DA:220,3013
DA:221,3013
DA:222,3013
DA:223,3013
DA:224,3013
DA:225,3013
FN:228,DNft._subDeposit
FNDA:7,DNft._subDeposit
DA:230,7
DA:231,7
DA:232,6
DA:233,6
DA:234,6
FN:238,DNft._deposit2Shares
FNDA:3020,DNft._deposit2Shares
DA:242,3020
DA:243,3020
BRDA:243,7,0,791
BRDA:243,7,1,2229
DA:244,2229
DA:245,2229
BRDA:245,8,0,-
BRDA:245,8,1,2229
DA:246,2229
FN:250,DNft._eth2dyad
FNDA:3013,DNft._eth2dyad
DA:254,3013
FN:258,DNft._dyad2eth
FNDA:2,DNft._dyad2eth
DA:262,2
FN:266,DNft._getEthPrice
FNDA:3023,DNft._getEthPrice
DA:270,3023
DA:271,3023
FN:275,DNft._beforeTokenTransfer
FNDA:3056,DNft._beforeTokenTransfer
DA:282,3056
DA:283,3056
FNF:20
FNH:19
LF:78
LH:76
BRF:18
BRH:17
end_of_record
TN:
SF:src/core/Dyad.sol
FN:10,Dyad.mint
FNDA:4,Dyad.mint
DA:10,4
FN:11,Dyad.burn
FNDA:2,Dyad.burn
DA:11,2
FNF:2
FNH:2
LF:2
LH:2
BRF:0
BRH:0
end_of_record
TN:
SF:src/core/PermissionManager.sol
FN:15,PermissionManager._grant
FNDA:3,PermissionManager._grant
DA:17,3
DA:18,3
DA:19,3
DA:20,3
BRDA:20,0,0,1
BRDA:20,0,1,2
DA:21,1
DA:23,2
DA:28,3
DA:30,3
FN:34,PermissionManager.hasPermission
FNDA:6,PermissionManager.hasPermission
DA:38,9
DA:39,9
FNF:2
FNH:2
LF:10
LH:10
BRF:2
BRH:2
end_of_record
TN:
SF:src/libraries/PermissionMath.sol
FN:8,PermissionMath._toUInt8
FNDA:0,PermissionMath._toUInt8
DA:12,0
DA:13,0
DA:14,0
FN:19,PermissionMath._hasPermission
FNDA:0,PermissionMath._hasPermission
DA:25,0
DA:26,0
FNF:2
FNH:0
LF:5
LH:0
BRF:0
BRH:0
end_of_record
TN:
SF:src/libraries/SharesMath.sol
FN:9,SharesMath.shares2Deposit
FNDA:4,SharesMath.shares2Deposit
DA:13,4
FNF:1
FNH:1
LF:1
LH:1
BRF:0
BRH:0
end_of_record
TN:
SF:test/BaseTest.sol
FN:21,BaseTest.setUp
FNDA:0,BaseTest.setUp
DA:22,0
DA:23,0
DA:24,0
DA:29,0
DA:30,0
DA:31,0
FN:34,BaseTest.overwriteNft
FNDA:0,BaseTest.overwriteNft
DA:35,0
DA:37,0
DA:39,0
FN:43,BaseTest.overwrite
FNDA:0,BaseTest.overwrite
DA:44,0
FNF:3
FNH:0
LF:10
LH:0
BRF:0
BRH:0
end_of_record
TN:
SF:test/OracleMock.sol
FN:7,OracleMock.setPrice
FNDA:2,OracleMock.setPrice
DA:8,2
FN:11,OracleMock.latestRoundData
FNDA:3023,OracleMock.latestRoundData
DA:18,3023
FNF:2
FNH:2
LF:2
LH:2
BRF:0
BRH:0
end_of_record
